[debug] [2026-02-24T00:26:05.922Z] ----------------------------------------------------------------------
[debug] [2026-02-24T00:26:05.924Z] Command:       C:\Program Files\nodejs\node.exe C:\Users\jmore\AppData\Roaming\npm\node_modules\firebase-tools\lib\bin\firebase.js apps:create IOS Gravity2Phone-iOS --bundle-id com.theamateurswami.gravity2phone.bridge
[debug] [2026-02-24T00:26:05.925Z] CLI Version:   15.5.1
[debug] [2026-02-24T00:26:05.925Z] Platform:      win32
[debug] [2026-02-24T00:26:05.925Z] Node Version:  v24.13.0
[debug] [2026-02-24T00:26:05.925Z] Time:          Mon Feb 23 2026 18:26:05 GMT-0600 (Central Standard Time)
[debug] [2026-02-24T00:26:05.925Z] ----------------------------------------------------------------------
[debug] 
[debug] [2026-02-24T00:26:06.046Z] > command requires scopes: ["email","openid","https://www.googleapis.com/auth/cloudplatformprojects.readonly","https://www.googleapis.com/auth/firebase","https://www.googleapis.com/auth/cloud-platform"]
[debug] [2026-02-24T00:26:06.047Z] > authorizing via signed-in user (noless42@gmail.com)
[info] Create your IOS app in project gravity2phone-amateurswami:
[debug] [2026-02-24T01:05:09.907Z] ExitPromptError: User force closed the prompt with SIGINT
    at Interface.sigint (C:\Users\jmore\AppData\Roaming\npm\node_modules\firebase-tools\node_modules\@inquirer\core\dist\commonjs\lib\create-prompt.js:101:37)
    at Interface.emit (node:events:508:28)
    at [_ttyWrite] [as _ttyWrite] (node:internal/readline/interface:1327:18)
    at ReadStream.onkeypress (node:internal/readline/interface:284:20)
    at ReadStream.emit (node:events:520:35)
    at emitKeys (node:internal/readline/utils:371:14)
    at emitKeys.next (<anonymous>)
    at ReadStream.onData (node:internal/readline/emitKeypressEvents:64:36)
    at ReadStream.emit (node:events:508:28)
    at addChunk (node:internal/streams/readable:559:12)
[error] 
[error] Error: An unexpected error has occurred.
